<?xml version="1.0" encoding="UTF-8"?>
<!-- Generated by org.testng.reporters.JUnitXMLReporter -->
<testsuite hostname="IN-C02D733KMD6M.local" ignored="0" name="HomepageTestChrome" tests="2" failures="0" timestamp="2022-05-18T15:56:44 IST" time="7.682" errors="0">
  <testcase name="dummyTestCase" time="0.155" classname="com.automation.testcases.api.DummyTestCase"/>
  <testcase name="verifySearch" time="2.306" classname="com.automation.testcases.web.HomePageTest"/>
</testsuite> <!-- HomepageTestChrome -->
