<?xml version="1.0" encoding="UTF-8"?>
<!-- Generated by org.testng.reporters.JUnitXMLReporter -->
<testsuite hostname="Jaspreet2893-Mac.local" ignored="2" name="Pixel 3a XL API 28" tests="4" failures="0" timestamp="2020-12-14T17:42:08 IST" time="2049.098" errors="0">
  <testcase name="verifyDailyTipNewParents_HomePageTest" time="215.143" classname="com.pom.crimson.testcases.home.HomePage_DailyTips"/>
  <testcase name="verifyDailyTipParentToBe_HomePageTest" time="181.044" classname="com.pom.crimson.testcases.home.HomePage_DailyTips"/>
  <testcase name="verifyDailyTipPlanningBaby_HomePageTest" time="706.496" classname="com.pom.crimson.testcases.home.HomePage_DailyTips"/>
  <testcase name="verifyDailyTipExperiencedParents_HomePageTest" time="411.88" classname="com.pom.crimson.testcases.home.HomePage_DailyTips"/>
  <testcase name="verifyRecommendedContentIsDisplayed_HomePageTest" time="0.0" classname="com.pom.crimson.testcases.home.HomePage_DailyTips">
    <ignored/>
  </testcase> <!-- verifyRecommendedContentIsDisplayed_HomePageTest -->
  <testcase name="verifyChildAgeCard_HomePageTest" time="0.0" classname="com.pom.crimson.testcases.home.HomePage_DailyTips">
    <ignored/>
  </testcase> <!-- verifyChildAgeCard_HomePageTest -->
</testsuite> <!-- Pixel 3a XL API 28 -->
