<?xml version="1.0" encoding="UTF-8"?>
<testng-results skipped="0" failed="1" ignored="0" total="2" passed="1">
  <reporter-output>
  </reporter-output>
  <suite name="Suite" duration-ms="19036" started-at="2022-05-18T15:56:36 IST" finished-at="2022-05-18T15:56:55 IST">
    <groups>
    </groups>
    <test name="HomepageTestChrome" duration-ms="7682" started-at="2022-05-18T15:56:36 IST" finished-at="2022-05-18T15:56:44 IST">
      <class name="com.automation.testcases.web.HomePageTest">
        <test-method status="PASS" signature="beforeTest(java.lang.String, java.lang.String, java.lang.String, java.lang.String, java.lang.String, java.lang.String, java.lang.String, java.lang.String, java.lang.String, java.lang.String, org.testng.ITestContext)[pri:0, instance:com.automation.testcases.web.HomePageTest@40f08448]" name="beforeTest" is-config="true" duration-ms="2297" started-at="2022-05-18T15:56:36 IST" finished-at="2022-05-18T15:56:39 IST">
          <params>
            <param index="0">
              <value>
                <![CDATA[Web]]>
              </value>
            </param>
            <param index="1">
              <value>
                <![CDATA[androidOnly]]>
              </value>
            </param>
            <param index="2">
              <value>
                <![CDATA[chrome]]>
              </value>
            </param>
            <param index="3">
              <value>
                <![CDATA[MobileOnly]]>
              </value>
            </param>
            <param index="4">
              <value>
                <![CDATA[MobileOnly]]>
              </value>
            </param>
            <param index="5">
              <value>
                <![CDATA[androidOnly]]>
              </value>
            </param>
            <param index="6">
              <value>
                <![CDATA[androidOnly]]>
              </value>
            </param>
            <param index="7">
              <value>
                <![CDATA[iOSOnly]]>
              </value>
            </param>
            <param index="8">
              <value>
                <![CDATA[iOSOnly]]>
              </value>
            </param>
            <param index="9">
              <value>
                <![CDATA[Yes]]>
              </value>
            </param>
            <param index="10">
              <value>
                <![CDATA[org.testng.TestRunner@69b794e2]]>
              </value>
            </param>
          </params>
          <reporter-output>
          </reporter-output>
        </test-method> <!-- beforeTest -->
        <test-method status="PASS" signature="beforeClass(java.lang.String)[pri:0, instance:com.automation.testcases.web.HomePageTest@40f08448]" name="beforeClass" is-config="true" duration-ms="1" started-at="2022-05-18T15:56:39 IST" finished-at="2022-05-18T15:56:39 IST">
          <params>
            <param index="0">
              <value>
                <![CDATA[Web]]>
              </value>
            </param>
          </params>
          <reporter-output>
          </reporter-output>
        </test-method> <!-- beforeClass -->
        <test-method status="PASS" signature="beforeMethod()[pri:0, instance:com.automation.testcases.web.HomePageTest@40f08448]" name="beforeMethod" is-config="true" duration-ms="1908" started-at="2022-05-18T15:56:39 IST" finished-at="2022-05-18T15:56:41 IST">
          <reporter-output>
          </reporter-output>
        </test-method> <!-- beforeMethod -->
        <test-method status="PASS" signature="verifySearch()[pri:0, instance:com.automation.testcases.web.HomePageTest@40f08448]" name="verifySearch" duration-ms="2306" started-at="2022-05-18T15:56:41 IST" description="Enter Search keyword in searchbox and perform search" finished-at="2022-05-18T15:56:43 IST">
          <reporter-output>
          </reporter-output>
        </test-method> <!-- verifySearch -->
        <test-method status="PASS" signature="afterMethod()[pri:0, instance:com.automation.testcases.web.HomePageTest@40f08448]" name="afterMethod" is-config="true" duration-ms="1" started-at="2022-05-18T15:56:44 IST" finished-at="2022-05-18T15:56:44 IST">
          <reporter-output>
          </reporter-output>
        </test-method> <!-- afterMethod -->
        <test-method status="PASS" signature="afterTest()[pri:0, instance:com.automation.testcases.web.HomePageTest@40f08448]" name="afterTest" is-config="true" duration-ms="90" started-at="2022-05-18T15:56:44 IST" finished-at="2022-05-18T15:56:44 IST">
          <reporter-output>
          </reporter-output>
        </test-method> <!-- afterTest -->
      </class> <!-- com.automation.testcases.web.HomePageTest -->
    </test> <!-- HomepageTestChrome -->
    <test name="Pixel 2 API 26" duration-ms="19036" started-at="2022-05-18T15:56:36 IST" finished-at="2022-05-18T15:56:55 IST">
      <class name="com.automation.testcases.mobile.Flow1Test">
        <test-method status="PASS" signature="beforeTest(java.lang.String, java.lang.String, java.lang.String, java.lang.String, java.lang.String, java.lang.String, java.lang.String, java.lang.String, java.lang.String, java.lang.String, org.testng.ITestContext)[pri:0, instance:com.automation.testcases.mobile.Flow1Test@1176dcec]" name="beforeTest" is-config="true" duration-ms="9554" started-at="2022-05-18T15:56:36 IST" finished-at="2022-05-18T15:56:46 IST">
          <params>
            <param index="0">
              <value>
                <![CDATA[Mobile]]>
              </value>
            </param>
            <param index="1">
              <value>
                <![CDATA[true]]>
              </value>
            </param>
            <param index="2">
              <value>
                <![CDATA[Android]]>
              </value>
            </param>
            <param index="3">
              <value>
                <![CDATA[8.0]]>
              </value>
            </param>
            <param index="4">
              <value>
                <![CDATA[Pixel_2_API_26]]>
              </value>
            </param>
            <param index="5">
              <value>
                <![CDATA[10000]]>
              </value>
            </param>
            <param index="6">
              <value>
                <![CDATA[11000]]>
              </value>
            </param>
            <param index="7">
              <value>
                <![CDATA[iOSOnly]]>
              </value>
            </param>
            <param index="8">
              <value>
                <![CDATA[iOSOnly]]>
              </value>
            </param>
            <param index="9">
              <value>
                <![CDATA[Yes]]>
              </value>
            </param>
            <param index="10">
              <value>
                <![CDATA[org.testng.TestRunner@3f200884]]>
              </value>
            </param>
          </params>
          <reporter-output>
          </reporter-output>
        </test-method> <!-- beforeTest -->
        <test-method status="PASS" signature="beforeClass(java.lang.String)[pri:0, instance:com.automation.testcases.mobile.Flow1Test@1176dcec]" name="beforeClass" is-config="true" duration-ms="0" started-at="2022-05-18T15:56:46 IST" finished-at="2022-05-18T15:56:46 IST">
          <params>
            <param index="0">
              <value>
                <![CDATA[Mobile]]>
              </value>
            </param>
          </params>
          <reporter-output>
          </reporter-output>
        </test-method> <!-- beforeClass -->
        <test-method status="PASS" signature="beforeMethod()[pri:0, instance:com.automation.testcases.mobile.Flow1Test@1176dcec]" name="beforeMethod" is-config="true" duration-ms="111" started-at="2022-05-18T15:56:46 IST" finished-at="2022-05-18T15:56:46 IST">
          <reporter-output>
          </reporter-output>
        </test-method> <!-- beforeMethod -->
        <test-method status="FAIL" signature="flow1Test()[pri:0, instance:com.automation.testcases.mobile.Flow1Test@1176dcec]" name="flow1Test" duration-ms="8446" started-at="2022-05-18T15:56:46 IST" description="Performing Drag and Drop" finished-at="2022-05-18T15:56:54 IST">
          <exception class="java.lang.NoSuchMethodException">
            <message>
              <![CDATA[com.automation.pages.mobile.DragandDropPage.<init>(io.appium.java_client.android.AndroidDriver, com.aventstack.extentreports.ExtentTest)]]>
            </message>
            <full-stacktrace>
              <![CDATA[java.lang.NoSuchMethodException: com.automation.pages.mobile.DragandDropPage.<init>(io.appium.java_client.android.AndroidDriver, com.aventstack.extentreports.ExtentTest)
at java.lang.Class.getConstructor0(Class.java:3082)
at java.lang.Class.getConstructor(Class.java:1825)
at com.automation.pages.mobile.ViewsPage.getPage(ViewsPage.java:83)
at com.automation.pages.mobile.ViewsPage.scrollToElementAndClick(ViewsPage.java:74)
at com.automation.testcases.mobile.Flow1Test.flow1Test(Flow1Test.java:39)
at sun.reflect.NativeMethodAccessorImpl.invoke0(Native Method)
at sun.reflect.NativeMethodAccessorImpl.invoke(NativeMethodAccessorImpl.java:62)
at sun.reflect.DelegatingMethodAccessorImpl.invoke(DelegatingMethodAccessorImpl.java:43)
at java.lang.reflect.Method.invoke(Method.java:498)
at org.testng.internal.MethodInvocationHelper.invokeMethod(MethodInvocationHelper.java:134)
at org.testng.internal.TestInvoker.invokeMethod(TestInvoker.java:597)
at org.testng.internal.TestInvoker.invokeTestMethod(TestInvoker.java:173)
at org.testng.internal.MethodRunner.runInSequence(MethodRunner.java:46)
at org.testng.internal.TestInvoker$MethodInvocationAgent.invoke(TestInvoker.java:816)
at org.testng.internal.TestInvoker.invokeTestMethods(TestInvoker.java:146)
at org.testng.internal.TestMethodWorker.invokeTestMethods(TestMethodWorker.java:146)
at org.testng.internal.TestMethodWorker.run(TestMethodWorker.java:128)
at java.util.ArrayList.forEach(ArrayList.java:1259)
at org.testng.TestRunner.privateRun(TestRunner.java:766)
at org.testng.TestRunner.run(TestRunner.java:587)
at org.testng.SuiteRunner.runTest(SuiteRunner.java:384)
at org.testng.SuiteRunner.access$000(SuiteRunner.java:28)
at org.testng.SuiteRunner$SuiteWorker.run(SuiteRunner.java:425)
at org.testng.internal.thread.ThreadUtil.lambda$execute$0(ThreadUtil.java:68)
at java.util.concurrent.FutureTask.run(FutureTask.java:266)
at java.util.concurrent.ThreadPoolExecutor.runWorker(ThreadPoolExecutor.java:1149)
at java.util.concurrent.ThreadPoolExecutor$Worker.run(ThreadPoolExecutor.java:624)
at java.lang.Thread.run(Thread.java:748)
]]>
            </full-stacktrace>
          </exception> <!-- java.lang.NoSuchMethodException -->
          <reporter-output>
          </reporter-output>
        </test-method> <!-- flow1Test -->
        <test-method status="PASS" signature="afterMethod()[pri:0, instance:com.automation.testcases.mobile.Flow1Test@1176dcec]" name="afterMethod" is-config="true" duration-ms="93" started-at="2022-05-18T15:56:55 IST" finished-at="2022-05-18T15:56:55 IST">
          <reporter-output>
          </reporter-output>
        </test-method> <!-- afterMethod -->
        <test-method status="PASS" signature="afterTest()[pri:0, instance:com.automation.testcases.mobile.Flow1Test@1176dcec]" name="afterTest" is-config="true" duration-ms="548" started-at="2022-05-18T15:56:55 IST" finished-at="2022-05-18T15:56:55 IST">
          <reporter-output>
          </reporter-output>
        </test-method> <!-- afterTest -->
      </class> <!-- com.automation.testcases.mobile.Flow1Test -->
    </test> <!-- Pixel 2 API 26 -->
  </suite> <!-- Suite -->
</testng-results>
