<?xml version="1.0" encoding="UTF-8"?>
<testng-results skipped="0" failed="1" ignored="0" total="3" passed="2">
  <reporter-output>
  </reporter-output>
  <suite name="Suite" duration-ms="24766" started-at="2022-05-18T13:45:16 IST" finished-at="2022-05-18T13:45:41 IST">
    <groups>
    </groups>
    <test name="APITest" duration-ms="2084" started-at="2022-05-18T13:45:16 IST" finished-at="2022-05-18T13:45:19 IST">
      <class name="com.automation.testcases.api.DummyTestCase">
        <test-method status="PASS" signature="beforeTest(java.lang.String, java.lang.String, java.lang.String, java.lang.String, java.lang.String, java.lang.String, java.lang.String, java.lang.String, java.lang.String, java.lang.String, org.testng.ITestContext)[pri:0, instance:com.automation.testcases.api.DummyTestCase@57f23557]" name="beforeTest" is-config="true" duration-ms="1013" started-at="2022-05-18T13:45:17 IST" finished-at="2022-05-18T13:45:18 IST">
          <params>
            <param index="0">
              <value>
                <![CDATA[API]]>
              </value>
            </param>
            <param index="1">
              <value>
                <![CDATA[androidOnly]]>
              </value>
            </param>
            <param index="2">
              <value is-null="true"/>
            </param>
            <param index="3">
              <value>
                <![CDATA[MobileOnly]]>
              </value>
            </param>
            <param index="4">
              <value>
                <![CDATA[MobileOnly]]>
              </value>
            </param>
            <param index="5">
              <value>
                <![CDATA[androidOnly]]>
              </value>
            </param>
            <param index="6">
              <value>
                <![CDATA[androidOnly]]>
              </value>
            </param>
            <param index="7">
              <value>
                <![CDATA[iOSOnly]]>
              </value>
            </param>
            <param index="8">
              <value>
                <![CDATA[iOSOnly]]>
              </value>
            </param>
            <param index="9">
              <value>
                <![CDATA[MobileOnly]]>
              </value>
            </param>
            <param index="10">
              <value>
                <![CDATA[org.testng.TestRunner@58fdd99]]>
              </value>
            </param>
          </params>
          <reporter-output>
          </reporter-output>
        </test-method> <!-- beforeTest -->
        <test-method status="PASS" signature="beforeClass(java.lang.String)[pri:0, instance:com.automation.testcases.api.DummyTestCase@57f23557]" name="beforeClass" is-config="true" duration-ms="0" started-at="2022-05-18T13:45:18 IST" finished-at="2022-05-18T13:45:18 IST">
          <params>
            <param index="0">
              <value>
                <![CDATA[API]]>
              </value>
            </param>
          </params>
          <reporter-output>
          </reporter-output>
        </test-method> <!-- beforeClass -->
        <test-method status="PASS" signature="beforeMethod()[pri:0, instance:com.automation.testcases.api.DummyTestCase@57f23557]" name="beforeMethod" is-config="true" duration-ms="2" started-at="2022-05-18T13:45:18 IST" finished-at="2022-05-18T13:45:18 IST">
          <reporter-output>
          </reporter-output>
        </test-method> <!-- beforeMethod -->
        <test-method status="PASS" signature="dummyTestCase()[pri:0, instance:com.automation.testcases.api.DummyTestCase@57f23557]" name="dummyTestCase" duration-ms="379" started-at="2022-05-18T13:45:18 IST" description="Dummy API Description" finished-at="2022-05-18T13:45:18 IST">
          <reporter-output>
          </reporter-output>
        </test-method> <!-- dummyTestCase -->
        <test-method status="PASS" signature="afterMethod()[pri:0, instance:com.automation.testcases.api.DummyTestCase@57f23557]" name="afterMethod" is-config="true" duration-ms="4" started-at="2022-05-18T13:45:19 IST" finished-at="2022-05-18T13:45:19 IST">
          <reporter-output>
          </reporter-output>
        </test-method> <!-- afterMethod -->
        <test-method status="PASS" signature="afterTest()[pri:0, instance:com.automation.testcases.api.DummyTestCase@57f23557]" name="afterTest" is-config="true" duration-ms="0" started-at="2022-05-18T13:45:19 IST" finished-at="2022-05-18T13:45:19 IST">
          <reporter-output>
          </reporter-output>
        </test-method> <!-- afterTest -->
      </class> <!-- com.automation.testcases.api.DummyTestCase -->
    </test> <!-- APITest -->
    <test name="HomepageTest" duration-ms="12703" started-at="2022-05-18T13:45:16 IST" finished-at="2022-05-18T13:45:29 IST">
      <class name="com.automation.testcases.web.HomePageTest">
        <test-method status="PASS" signature="beforeTest(java.lang.String, java.lang.String, java.lang.String, java.lang.String, java.lang.String, java.lang.String, java.lang.String, java.lang.String, java.lang.String, java.lang.String, org.testng.ITestContext)[pri:0, instance:com.automation.testcases.web.HomePageTest@33b37288]" name="beforeTest" is-config="true" duration-ms="4057" started-at="2022-05-18T13:45:17 IST" finished-at="2022-05-18T13:45:21 IST">
          <params>
            <param index="0">
              <value>
                <![CDATA[Web]]>
              </value>
            </param>
            <param index="1">
              <value>
                <![CDATA[androidOnly]]>
              </value>
            </param>
            <param index="2">
              <value>
                <![CDATA[chrome]]>
              </value>
            </param>
            <param index="3">
              <value>
                <![CDATA[MobileOnly]]>
              </value>
            </param>
            <param index="4">
              <value>
                <![CDATA[MobileOnly]]>
              </value>
            </param>
            <param index="5">
              <value>
                <![CDATA[androidOnly]]>
              </value>
            </param>
            <param index="6">
              <value>
                <![CDATA[androidOnly]]>
              </value>
            </param>
            <param index="7">
              <value>
                <![CDATA[iOSOnly]]>
              </value>
            </param>
            <param index="8">
              <value>
                <![CDATA[iOSOnly]]>
              </value>
            </param>
            <param index="9">
              <value>
                <![CDATA[Yes]]>
              </value>
            </param>
            <param index="10">
              <value>
                <![CDATA[org.testng.TestRunner@6b1274d2]]>
              </value>
            </param>
          </params>
          <reporter-output>
          </reporter-output>
        </test-method> <!-- beforeTest -->
        <test-method status="PASS" signature="beforeClass(java.lang.String)[pri:0, instance:com.automation.testcases.web.HomePageTest@33b37288]" name="beforeClass" is-config="true" duration-ms="0" started-at="2022-05-18T13:45:21 IST" finished-at="2022-05-18T13:45:21 IST">
          <params>
            <param index="0">
              <value>
                <![CDATA[Web]]>
              </value>
            </param>
          </params>
          <reporter-output>
          </reporter-output>
        </test-method> <!-- beforeClass -->
        <test-method status="PASS" signature="beforeMethod()[pri:0, instance:com.automation.testcases.web.HomePageTest@33b37288]" name="beforeMethod" is-config="true" duration-ms="2618" started-at="2022-05-18T13:45:21 IST" finished-at="2022-05-18T13:45:23 IST">
          <reporter-output>
          </reporter-output>
        </test-method> <!-- beforeMethod -->
        <test-method status="PASS" signature="verifySearch()[pri:0, instance:com.automation.testcases.web.HomePageTest@33b37288]" name="verifySearch" duration-ms="3706" started-at="2022-05-18T13:45:23 IST" description="Enter Search keyword in searchbox and perform search" finished-at="2022-05-18T13:45:27 IST">
          <reporter-output>
          </reporter-output>
        </test-method> <!-- verifySearch -->
        <test-method status="PASS" signature="afterMethod()[pri:0, instance:com.automation.testcases.web.HomePageTest@33b37288]" name="afterMethod" is-config="true" duration-ms="0" started-at="2022-05-18T13:45:29 IST" finished-at="2022-05-18T13:45:29 IST">
          <reporter-output>
          </reporter-output>
        </test-method> <!-- afterMethod -->
        <test-method status="PASS" signature="afterTest()[pri:0, instance:com.automation.testcases.web.HomePageTest@33b37288]" name="afterTest" is-config="true" duration-ms="505" started-at="2022-05-18T13:45:29 IST" finished-at="2022-05-18T13:45:29 IST">
          <reporter-output>
          </reporter-output>
        </test-method> <!-- afterTest -->
      </class> <!-- com.automation.testcases.web.HomePageTest -->
    </test> <!-- HomepageTest -->
    <test name="Pixel 2 API 26" duration-ms="24766" started-at="2022-05-18T13:45:16 IST" finished-at="2022-05-18T13:45:41 IST">
      <class name="com.automation.testcases.mobile.Flow1Test">
        <test-method status="PASS" signature="beforeTest(java.lang.String, java.lang.String, java.lang.String, java.lang.String, java.lang.String, java.lang.String, java.lang.String, java.lang.String, java.lang.String, java.lang.String, org.testng.ITestContext)[pri:0, instance:com.automation.testcases.mobile.Flow1Test@130f889]" name="beforeTest" is-config="true" duration-ms="14874" started-at="2022-05-18T13:45:17 IST" finished-at="2022-05-18T13:45:31 IST">
          <params>
            <param index="0">
              <value>
                <![CDATA[Mobile]]>
              </value>
            </param>
            <param index="1">
              <value>
                <![CDATA[true]]>
              </value>
            </param>
            <param index="2">
              <value>
                <![CDATA[Android]]>
              </value>
            </param>
            <param index="3">
              <value>
                <![CDATA[8.0]]>
              </value>
            </param>
            <param index="4">
              <value>
                <![CDATA[Pixel_2_API_26]]>
              </value>
            </param>
            <param index="5">
              <value>
                <![CDATA[10000]]>
              </value>
            </param>
            <param index="6">
              <value>
                <![CDATA[11000]]>
              </value>
            </param>
            <param index="7">
              <value>
                <![CDATA[iOSOnly]]>
              </value>
            </param>
            <param index="8">
              <value>
                <![CDATA[iOSOnly]]>
              </value>
            </param>
            <param index="9">
              <value>
                <![CDATA[Yes]]>
              </value>
            </param>
            <param index="10">
              <value>
                <![CDATA[org.testng.TestRunner@7bc1a03d]]>
              </value>
            </param>
          </params>
          <reporter-output>
          </reporter-output>
        </test-method> <!-- beforeTest -->
        <test-method status="PASS" signature="beforeClass(java.lang.String)[pri:0, instance:com.automation.testcases.mobile.Flow1Test@130f889]" name="beforeClass" is-config="true" duration-ms="1" started-at="2022-05-18T13:45:31 IST" finished-at="2022-05-18T13:45:31 IST">
          <params>
            <param index="0">
              <value>
                <![CDATA[Mobile]]>
              </value>
            </param>
          </params>
          <reporter-output>
          </reporter-output>
        </test-method> <!-- beforeClass -->
        <test-method status="PASS" signature="beforeMethod()[pri:0, instance:com.automation.testcases.mobile.Flow1Test@130f889]" name="beforeMethod" is-config="true" duration-ms="133" started-at="2022-05-18T13:45:31 IST" finished-at="2022-05-18T13:45:32 IST">
          <reporter-output>
          </reporter-output>
        </test-method> <!-- beforeMethod -->
        <test-method status="FAIL" signature="flow1Test()[pri:0, instance:com.automation.testcases.mobile.Flow1Test@130f889]" name="flow1Test" duration-ms="8587" started-at="2022-05-18T13:45:32 IST" description="Performing Drag and Drop" finished-at="2022-05-18T13:45:40 IST">
          <exception class="java.lang.NoSuchMethodException">
            <message>
              <![CDATA[com.automation.pages.mobile.DragandDropPage.<init>(io.appium.java_client.android.AndroidDriver, com.aventstack.extentreports.ExtentTest)]]>
            </message>
            <full-stacktrace>
              <![CDATA[java.lang.NoSuchMethodException: com.automation.pages.mobile.DragandDropPage.<init>(io.appium.java_client.android.AndroidDriver, com.aventstack.extentreports.ExtentTest)
at java.lang.Class.getConstructor0(Class.java:3082)
at java.lang.Class.getConstructor(Class.java:1825)
at com.automation.pages.mobile.ViewsPage.getPage(ViewsPage.java:83)
at com.automation.pages.mobile.ViewsPage.scrollToElementAndClick(ViewsPage.java:74)
at com.automation.testcases.mobile.Flow1Test.flow1Test(Flow1Test.java:39)
at sun.reflect.NativeMethodAccessorImpl.invoke0(Native Method)
at sun.reflect.NativeMethodAccessorImpl.invoke(NativeMethodAccessorImpl.java:62)
at sun.reflect.DelegatingMethodAccessorImpl.invoke(DelegatingMethodAccessorImpl.java:43)
at java.lang.reflect.Method.invoke(Method.java:498)
at org.testng.internal.MethodInvocationHelper.invokeMethod(MethodInvocationHelper.java:134)
at org.testng.internal.TestInvoker.invokeMethod(TestInvoker.java:597)
at org.testng.internal.TestInvoker.invokeTestMethod(TestInvoker.java:173)
at org.testng.internal.MethodRunner.runInSequence(MethodRunner.java:46)
at org.testng.internal.TestInvoker$MethodInvocationAgent.invoke(TestInvoker.java:816)
at org.testng.internal.TestInvoker.invokeTestMethods(TestInvoker.java:146)
at org.testng.internal.TestMethodWorker.invokeTestMethods(TestMethodWorker.java:146)
at org.testng.internal.TestMethodWorker.run(TestMethodWorker.java:128)
at java.util.ArrayList.forEach(ArrayList.java:1259)
at org.testng.TestRunner.privateRun(TestRunner.java:766)
at org.testng.TestRunner.run(TestRunner.java:587)
at org.testng.SuiteRunner.runTest(SuiteRunner.java:384)
at org.testng.SuiteRunner.access$000(SuiteRunner.java:28)
at org.testng.SuiteRunner$SuiteWorker.run(SuiteRunner.java:425)
at org.testng.internal.thread.ThreadUtil.lambda$execute$0(ThreadUtil.java:68)
at java.util.concurrent.FutureTask.run(FutureTask.java:266)
at java.util.concurrent.ThreadPoolExecutor.runWorker(ThreadPoolExecutor.java:1149)
at java.util.concurrent.ThreadPoolExecutor$Worker.run(ThreadPoolExecutor.java:624)
at java.lang.Thread.run(Thread.java:748)
]]>
            </full-stacktrace>
          </exception> <!-- java.lang.NoSuchMethodException -->
          <reporter-output>
          </reporter-output>
        </test-method> <!-- flow1Test -->
        <test-method status="PASS" signature="afterMethod()[pri:0, instance:com.automation.testcases.mobile.Flow1Test@130f889]" name="afterMethod" is-config="true" duration-ms="113" started-at="2022-05-18T13:45:41 IST" finished-at="2022-05-18T13:45:41 IST">
          <reporter-output>
          </reporter-output>
        </test-method> <!-- afterMethod -->
        <test-method status="PASS" signature="afterTest()[pri:0, instance:com.automation.testcases.mobile.Flow1Test@130f889]" name="afterTest" is-config="true" duration-ms="640" started-at="2022-05-18T13:45:41 IST" finished-at="2022-05-18T13:45:41 IST">
          <reporter-output>
          </reporter-output>
        </test-method> <!-- afterTest -->
      </class> <!-- com.automation.testcases.mobile.Flow1Test -->
    </test> <!-- Pixel 2 API 26 -->
  </suite> <!-- Suite -->
</testng-results>
